# JRE version: OpenJDK Runtime Environment (8.0_152) (build 1.8.0_152-release-1343-b16-5323222)
# Java VM: OpenJDK 64-Bit Server VM (25.152-b16-5323222 mixed mode linux-amd64 compressed oops)
Heap:
 PSYoungGen      total 469504K, used 0K [0x00000000e0000000, 0x0000000100000000, 0x0000000100000000)
  eden space 416768K, 0% used [0x00000000e0000000,0x00000000e0000000,0x00000000f9700000)
  from space 52736K, 0% used [0x00000000f9700000,0x00000000f9700000,0x00000000fca80000)
  to   space 54784K, 0% used [0x00000000fca80000,0x00000000fca80000,0x0000000100000000)
 ParOldGen       total 329216K, used 266522K [0x00000000a0000000, 0x00000000b4180000, 0x00000000e0000000)
  object space 329216K, 80% used [0x00000000a0000000,0x00000000b0446a08,0x00000000b4180000)
 Metaspace       used 95250K, capacity 98662K, committed 98984K, reserved 1134592K
  class space    used 12401K, capacity 13207K, committed 13336K, reserved 1048576K
GC Heap History (10 events):
Event: 121.224 GC heap after
Heap after GC invocations=21 (full 3):
 PSYoungGen      total 422912K, used 19268K [0x00000000e0000000, 0x00000000fd400000, 0x0000000100000000)
  eden space 381952K, 0% used [0x00000000e0000000,0x00000000e0000000,0x00000000f7500000)
  from space 40960K, 47% used [0x00000000fac00000,0x00000000fbed1270,0x00000000fd400000)
  to   space 48640K, 0% used [0x00000000f7500000,0x00000000f7500000,0x00000000fa480000)
 ParOldGen       total 244736K, used 70518K [0x00000000a0000000, 0x00000000aef00000, 0x00000000e0000000)
  object space 244736K, 28% used [0x00000000a0000000,0x00000000a44dd838,0x00000000aef00000)
 Metaspace       used 94793K, capacity 98083K, committed 98200K, reserved 1134592K
  class space    used 12329K, capacity 13113K, committed 13208K, reserved 1048576K
}
Event: 121.970 GC heap before
{Heap before GC invocations=22 (full 3):
 PSYoungGen      total 422912K, used 166800K [0x00000000e0000000, 0x00000000fd400000, 0x0000000100000000)
  eden space 381952K, 38% used [0x00000000e0000000,0x00000000e9012fe0,0x00000000f7500000)
  from space 40960K, 47% used [0x00000000fac00000,0x00000000fbed1270,0x00000000fd400000)
  to   space 48640K, 0% used [0x00000000f7500000,0x00000000f7500000,0x00000000fa480000)
 ParOldGen       total 244736K, used 70518K [0x00000000a0000000, 0x00000000aef00000, 0x00000000e0000000)
  object space 244736K, 28% used [0x00000000a0000000,0x00000000a44dd838,0x00000000aef00000)
 Metaspace       used 95207K, capacity 98572K, committed 98600K, reserved 1134592K
  class space    used 12390K, capacity 13180K, committed 13208K, reserved 1048576K
Event: 122.010 GC heap after
Heap after GC invocations=22 (full 3):
 PSYoungGen      total 430592K, used 15174K [0x00000000e0000000, 0x0000000100000000, 0x0000000100000000)
  eden space 381952K, 0% used [0x00000000e0000000,0x00000000e0000000,0x00000000f7500000)
  from space 48640K, 31% used [0x00000000f7500000,0x00000000f83d1890,0x00000000fa480000)
  to   space 47104K, 0% used [0x00000000fd200000,0x00000000fd200000,0x0000000100000000)
 ParOldGen       total 244736K, used 70526K [0x00000000a0000000, 0x00000000aef00000, 0x00000000e0000000)
  object space 244736K, 28% used [0x00000000a0000000,0x00000000a44df838,0x00000000aef00000)
 Metaspace       used 95207K, capacity 98572K, committed 98600K, reserved 1134592K
  class space    used 12390K, capacity 13180K, committed 13208K, reserved 1048576K
}
Event: 122.010 GC heap before
{Heap before GC invocations=23 (full 4):
 PSYoungGen      total 430592K, used 15174K [0x00000000e0000000, 0x0000000100000000, 0x0000000100000000)
  eden space 381952K, 0% used [0x00000000e0000000,0x00000000e0000000,0x00000000f7500000)
  from space 48640K, 31% used [0x00000000f7500000,0x00000000f83d1890,0x00000000fa480000)
  to   space 47104K, 0% used [0x00000000fd200000,0x00000000fd200000,0x0000000100000000)
 ParOldGen       total 244736K, used 70526K [0x00000000a0000000, 0x00000000aef00000, 0x00000000e0000000)
  object space 244736K, 28% used [0x00000000a0000000,0x00000000a44df838,0x00000000aef00000)
 Metaspace       used 95207K, capacity 98572K, committed 98600K, reserved 1134592K
  class space    used 12390K, capacity 13180K, committed 13208K, reserved 1048576K
Event: 122.540 GC heap after
Heap after GC invocations=23 (full 4):
 PSYoungGen      total 430592K, used 0K [0x00000000e0000000, 0x0000000100000000, 0x0000000100000000)
  eden space 381952K, 0% used [0x00000000e0000000,0x00000000e0000000,0x00000000f7500000)
  from space 48640K, 0% used [0x00000000f7500000,0x00000000f7500000,0x00000000fa480000)
  to   space 47104K, 0% used [0x00000000fd200000,0x00000000fd200000,0x0000000100000000)
 ParOldGen       total 329216K, used 56069K [0x00000000a0000000, 0x00000000b4180000, 0x00000000e0000000)
  object space 329216K, 17% used [0x00000000a0000000,0x00000000a36c1400,0x00000000b4180000)
 Metaspace       used 95179K, capacity 98504K, committed 98600K, reserved 1134592K
  class space    used 12380K, capacity 13162K, committed 13208K, reserved 1048576K
}
Event: 123.270 GC heap before
{Heap before GC invocations=24 (full 4):
 PSYoungGen      total 430592K, used 374595K [0x00000000e0000000, 0x0000000100000000, 0x0000000100000000)
  eden space 381952K, 98% used [0x00000000e0000000,0x00000000f6dd0c78,0x00000000f7500000)
  from space 48640K, 0% used [0x00000000f7500000,0x00000000f7500000,0x00000000fa480000)
  to   space 47104K, 0% used [0x00000000fd200000,0x00000000fd200000,0x0000000100000000)
 ParOldGen       total 329216K, used 72453K [0x00000000a0000000, 0x00000000b4180000, 0x00000000e0000000)
  object space 329216K, 22% used [0x00000000a0000000,0x00000000a46c1410,0x00000000b4180000)
 Metaspace       used 95228K, capacity 98662K, committed 98984K, reserved 1134592K
  class space    used 12401K, capacity 13207K, committed 13336K, reserved 1048576K
Event: 123.395 GC heap after
Heap after GC invocations=24 (full 4):
 PSYoungGen      total 463872K, used 45990K [0x00000000e0000000, 0x0000000100000000, 0x0000000100000000)
  eden space 416768K, 0% used [0x00000000e0000000,0x00000000e0000000,0x00000000f9700000)
  from space 47104K, 97% used [0x00000000fd200000,0x00000000ffee9998,0x0000000100000000)
  to   space 53760K, 0% used [0x00000000f9700000,0x00000000f9700000,0x00000000fcb80000)
 ParOldGen       total 329216K, used 103181K [0x00000000a0000000, 0x00000000b4180000, 0x00000000e0000000)
  object space 329216K, 31% used [0x00000000a0000000,0x00000000a64c3440,0x00000000b4180000)
 Metaspace       used 95228K, capacity 98662K, committed 98984K, reserved 1134592K
  class space    used 12401K, capacity 13207K, committed 13336K, reserved 1048576K
}
Event: 126.951 GC heap before
{Heap before GC invocations=25 (full 4):
 PSYoungGen      total 463872K, used 462758K [0x00000000e0000000, 0x0000000100000000, 0x0000000100000000)
  eden space 416768K, 100% used [0x00000000e0000000,0x00000000f9700000,0x00000000f9700000)
  from space 47104K, 97% used [0x00000000fd200000,0x00000000ffee9998,0x0000000100000000)
  to   space 53760K, 0% used [0x00000000f9700000,0x00000000f9700000,0x00000000fcb80000)
 ParOldGen       total 329216K, used 173376K [0x00000000a0000000, 0x00000000b4180000, 0x00000000e0000000)
  object space 329216K, 52% used [0x00000000a0000000,0x00000000aa950180,0x00000000b4180000)
 Metaspace       used 95249K, capacity 98662K, committed 98984K, reserved 1134592K
  class space    used 12401K, capacity 13207K, committed 13336K, reserved 1048576K
Event: 127.033 GC heap after
Heap after GC invocations=25 (full 4):
 PSYoungGen      total 469504K, used 52454K [0x00000000e0000000, 0x0000000100000000, 0x0000000100000000)
  eden space 416768K, 0% used [0x00000000e0000000,0x00000000e0000000,0x00000000f9700000)
  from space 52736K, 99% used [0x00000000f9700000,0x00000000fca39b60,0x00000000fca80000)
  to   space 54784K, 0% used [0x00000000fca80000,0x00000000fca80000,0x0000000100000000)
 ParOldGen       total 329216K, used 268819K [0x00000000a0000000, 0x00000000b4180000, 0x00000000e0000000)
  object space 329216K, 81% used [0x00000000a0000000,0x00000000b0684cd0,0x00000000b4180000)
 Metaspace       used 95249K, capacity 98662K, committed 98984K, reserved 1134592K
  class space    used 12401K, capacity 13207K, committed 13336K, reserved 1048576K
}
Event: 128.513 GC heap before
{Heap before GC invocations=26 (full 5):
 PSYoungGen      total 469504K, used 434463K [0x00000000e0000000, 0x0000000100000000, 0x0000000100000000)
  eden space 416768K, 91% used [0x00000000e0000000,0x00000000f750e1a8,0x00000000f9700000)
  from space 52736K, 99% used [0x00000000f9700000,0x00000000fca39b60,0x00000000fca80000)
  to   space 54784K, 0% used [0x00000000fca80000,0x00000000fca80000,0x0000000100000000)
 ParOldGen       total 329216K, used 309779K [0x00000000a0000000, 0x00000000b4180000, 0x00000000e0000000)
  object space 329216K, 94% used [0x00000000a0000000,0x00000000b2e84ce0,0x00000000b4180000)
 Metaspace       used 95250K, capacity 98662K, committed 98984K, reserved 1134592K
  class space    used 12401K, capacity 13207K, committed 13336K, reserved 1048576K

